<?xml version="1.0" encoding="UTF-8"?>
<testng-results ignored="0" total="1" passed="1" failed="0" skipped="0">
  <reporter-output>
  </reporter-output>
  <suite started-at="2024-06-27T07:09:58 IST" name="Default suite" finished-at="2024-06-27T07:10:28 IST" duration-ms="30129">
    <groups>
    </groups>
    <test started-at="2024-06-27T07:09:58 IST" name="Default test" finished-at="2024-06-27T07:10:28 IST" duration-ms="30129">
      <class name="runner.runner">
        <test-method is-config="true" signature="Google()[pri:0, instance:runner.runner@41a0aa7d]" started-at="2024-06-27T07:09:58 IST" name="Google" finished-at="2024-06-27T07:10:14 IST" duration-ms="15397" status="PASS">
          <reporter-output>
          </reporter-output>
        </test-method> <!-- Google -->
        <test-method signature="Gmail()[pri:2, instance:runner.runner@41a0aa7d]" started-at="2024-06-27T07:10:14 IST" name="Gmail" finished-at="2024-06-27T07:10:28 IST" duration-ms="14668" status="PASS">
          <reporter-output>
          </reporter-output>
        </test-method> <!-- Gmail -->
      </class> <!-- runner.runner -->
    </test> <!-- Default test -->
  </suite> <!-- Default suite -->
</testng-results>
