<?xml version="1.0" encoding="UTF-8"?>
<!-- Generated by org.testng.reporters.JUnitXMLReporter -->
<testsuite ignored="3" hostname="Megatron" failures="0" tests="1" name="Default test" time="30.129" errors="0" timestamp="2024-06-27T07:10:28 IST">
  <testcase classname="runner.runner" name="Gmail" time="14.668"/>
  <testcase classname="runner.runner" name="About" time="0.0">
    <ignored/>
  </testcase> <!-- About -->
  <testcase classname="runner.runner" name="Advt" time="0.0">
    <ignored/>
  </testcase> <!-- Advt -->
  <testcase classname="runner.runner" name="Images" time="0.0">
    <ignored/>
  </testcase> <!-- Images -->
</testsuite> <!-- Default test -->
